<?xml version="1.0" encoding="UTF-8"?>
<testng-results skipped="0" failed="0" total="1" passed="1">
  <reporter-output>
  </reporter-output>
  <suite name="Suite" duration-ms="351176" started-at="2016-09-14T07:33:12Z" finished-at="2016-09-14T07:39:03Z">
    <groups>
    </groups>
    <test name="Test" duration-ms="351176" started-at="2016-09-14T07:33:12Z" finished-at="2016-09-14T07:39:03Z">
      <class name="com.Appdirect.TestCases.TC_SignUp">
        <test-method status="PASS" signature="setup()[pri:0, instance:com.Appdirect.TestCases.TC_SignUp@56f4468b]" name="setup" is-config="true" duration-ms="101233" started-at="2016-09-14T13:03:12Z" finished-at="2016-09-14T13:04:53Z">
          <reporter-output>
          </reporter-output>
        </test-method> <!-- setup -->
        <test-method status="PASS" signature="InValidEmail()[pri:0, instance:com.Appdirect.TestCases.TC_SignUp@56f4468b]" name="InValidEmail" duration-ms="248858" started-at="2016-09-14T13:04:53Z" finished-at="2016-09-14T13:09:02Z">
          <reporter-output>
          </reporter-output>
        </test-method> <!-- InValidEmail -->
        <test-method status="PASS" signature="teardown()[pri:0, instance:com.Appdirect.TestCases.TC_SignUp@56f4468b]" name="teardown" is-config="true" duration-ms="1066" started-at="2016-09-14T13:09:02Z" finished-at="2016-09-14T13:09:03Z">
          <reporter-output>
          </reporter-output>
        </test-method> <!-- teardown -->
      </class> <!-- com.Appdirect.TestCases.TC_SignUp -->
    </test> <!-- Test -->
  </suite> <!-- Suite -->
</testng-results>
